  BasicGA.cpp
C:\Users\kjani\source\repos\GENETIC_v1\GeneticAlgorithm\GeneticAlgorithm\PopulationPool.h(79,26): warning C4267: "return": konwersja z "size_t" do "int", możliwa utrata danych
  (kompilowanie pliku źródłowego „BasicGA.cpp”)
  
  Evaluator.cpp
C:\Users\kjani\source\repos\GENETIC_v1\GeneticAlgorithm\GeneticAlgorithm\PopulationPool.h(79,26): warning C4267: "return": konwersja z "size_t" do "int", możliwa utrata danych
  (kompilowanie pliku źródłowego „Evaluator.cpp”)
  
  GaussianGroupingEvaluatorFactory.cpp
  GeneticAlgorithm.cpp
C:\Users\kjani\source\repos\GENETIC_v1\GeneticAlgorithm\GeneticAlgorithm\PopulationPool.h(79,26): warning C4267: "return": konwersja z "size_t" do "int", możliwa utrata danych
  (kompilowanie pliku źródłowego „GeneticAlgorithm.cpp”)
  
  GeneticAlgorithmTester.cpp
C:\Users\kjani\source\repos\GENETIC_v1\GeneticAlgorithm\GeneticAlgorithm\PopulationPool.h(79,26): warning C4267: "return": konwersja z "size_t" do "int", możliwa utrata danych
  (kompilowanie pliku źródłowego „GeneticAlgorithmTester.cpp”)
  
  GroupingChallenge.cpp
C:\Users\kjani\source\repos\GENETIC_v1\GeneticAlgorithm\GeneticAlgorithm\PopulationPool.h(79,26): warning C4267: "return": konwersja z "size_t" do "int", możliwa utrata danych
  (kompilowanie pliku źródłowego „GroupingChallenge.cpp”)
  
C:\Users\kjani\source\repos\GENETIC_v1\GeneticAlgorithm\GeneticAlgorithm\TournamentSelection.h(15,65): warning C4267: "argument": konwersja z "size_t" do "_Ty", możliwa utrata danych
C:\Users\kjani\source\repos\GENETIC_v1\GeneticAlgorithm\GeneticAlgorithm\TournamentSelection.h(15,65): warning C4267:         with
C:\Users\kjani\source\repos\GENETIC_v1\GeneticAlgorithm\GeneticAlgorithm\TournamentSelection.h(15,65): warning C4267:         [
C:\Users\kjani\source\repos\GENETIC_v1\GeneticAlgorithm\GeneticAlgorithm\TournamentSelection.h(15,65): warning C4267:             _Ty=int
C:\Users\kjani\source\repos\GENETIC_v1\GeneticAlgorithm\GeneticAlgorithm\TournamentSelection.h(15,65): warning C4267:         ]
  (kompilowanie pliku źródłowego „GroupingChallenge.cpp”)
  
C:\Users\kjani\source\repos\GENETIC_v1\GeneticAlgorithm\GeneticAlgorithm\ElitismSurvival.h(15,59): warning C4267: "argument": konwersja z "size_t" do "_Ty", możliwa utrata danych
C:\Users\kjani\source\repos\GENETIC_v1\GeneticAlgorithm\GeneticAlgorithm\ElitismSurvival.h(15,59): warning C4267:         with
C:\Users\kjani\source\repos\GENETIC_v1\GeneticAlgorithm\GeneticAlgorithm\ElitismSurvival.h(15,59): warning C4267:         [
C:\Users\kjani\source\repos\GENETIC_v1\GeneticAlgorithm\GeneticAlgorithm\ElitismSurvival.h(15,59): warning C4267:             _Ty=int
C:\Users\kjani\source\repos\GENETIC_v1\GeneticAlgorithm\GeneticAlgorithm\ElitismSurvival.h(15,59): warning C4267:         ]
  (kompilowanie pliku źródłowego „GroupingChallenge.cpp”)
  
C:\Users\kjani\source\repos\GENETIC_v1\GeneticAlgorithm\GeneticAlgorithm\ElitismSurvival.h(22,18): warning C4244: "inicjowanie": konwersja z "double" do "int", możliwa utrata danych
  (kompilowanie pliku źródłowego „GroupingChallenge.cpp”)
  
  Island.cpp
C:\Users\kjani\source\repos\GENETIC_v1\GeneticAlgorithm\GeneticAlgorithm\PopulationPool.h(79,26): warning C4267: "return": konwersja z "size_t" do "int", możliwa utrata danych
  (kompilowanie pliku źródłowego „Island.cpp”)
  
  Optimizer.cpp
C:\Users\kjani\source\repos\GENETIC_v1\GeneticAlgorithm\GeneticAlgorithm\PopulationPool.h(79,26): warning C4267: "return": konwersja z "size_t" do "int", możliwa utrata danych
  (kompilowanie pliku źródłowego „Optimizer.cpp”)
  
C:\Users\kjani\source\repos\GENETIC_v1\GeneticAlgorithm\GeneticAlgorithm\TournamentSelection.h(15,65): warning C4267: "argument": konwersja z "size_t" do "_Ty", możliwa utrata danych
C:\Users\kjani\source\repos\GENETIC_v1\GeneticAlgorithm\GeneticAlgorithm\TournamentSelection.h(15,65): warning C4267:         with
C:\Users\kjani\source\repos\GENETIC_v1\GeneticAlgorithm\GeneticAlgorithm\TournamentSelection.h(15,65): warning C4267:         [
C:\Users\kjani\source\repos\GENETIC_v1\GeneticAlgorithm\GeneticAlgorithm\TournamentSelection.h(15,65): warning C4267:             _Ty=int
C:\Users\kjani\source\repos\GENETIC_v1\GeneticAlgorithm\GeneticAlgorithm\TournamentSelection.h(15,65): warning C4267:         ]
  (kompilowanie pliku źródłowego „Optimizer.cpp”)
  
C:\Users\kjani\source\repos\GENETIC_v1\GeneticAlgorithm\GeneticAlgorithm\ElitismSurvival.h(15,59): warning C4267: "argument": konwersja z "size_t" do "_Ty", możliwa utrata danych
C:\Users\kjani\source\repos\GENETIC_v1\GeneticAlgorithm\GeneticAlgorithm\ElitismSurvival.h(15,59): warning C4267:         with
C:\Users\kjani\source\repos\GENETIC_v1\GeneticAlgorithm\GeneticAlgorithm\ElitismSurvival.h(15,59): warning C4267:         [
C:\Users\kjani\source\repos\GENETIC_v1\GeneticAlgorithm\GeneticAlgorithm\ElitismSurvival.h(15,59): warning C4267:             _Ty=int
C:\Users\kjani\source\repos\GENETIC_v1\GeneticAlgorithm\GeneticAlgorithm\ElitismSurvival.h(15,59): warning C4267:         ]
  (kompilowanie pliku źródłowego „Optimizer.cpp”)
  
C:\Users\kjani\source\repos\GENETIC_v1\GeneticAlgorithm\GeneticAlgorithm\ElitismSurvival.h(22,18): warning C4244: "inicjowanie": konwersja z "double" do "int", możliwa utrata danych
  (kompilowanie pliku źródłowego „Optimizer.cpp”)
  
C:\Users\kjani\source\repos\GENETIC_v1\GeneticAlgorithm\GeneticAlgorithm\Optimizer.cpp(30,25): warning C4244: "=": konwersja z "double" do "int", możliwa utrata danych
C:\Users\kjani\source\repos\GENETIC_v1\GeneticAlgorithm\GeneticAlgorithm\Optimizer.cpp(31,24): warning C4244: "=": konwersja z "double" do "int", możliwa utrata danych
  Generowanie kodu...
  GeneticAlgorithm.vcxproj -> C:\Users\kjani\source\repos\GENETIC_v1\GeneticAlgorithm\x64\Debug\GeneticAlgorithm.exe
