  GroupingChallenge.cpp
C:\Users\Jeremi\Desktop\GroupingChallenge\GroupingChallenge\GroupingChallenge\PopulationPool.h(58,26): warning C4267: "return": konwersja z "size_t" do "int", możliwa utrata danych
  (kompilowanie pliku źródłowego „GroupingChallenge.cpp”)
  
C:\Users\Jeremi\Desktop\GroupingChallenge\GroupingChallenge\GroupingChallenge\TournamentSelection.h(15,65): warning C4267: "argument": konwersja z "size_t" do "_Ty", możliwa utrata danych
C:\Users\Jeremi\Desktop\GroupingChallenge\GroupingChallenge\GroupingChallenge\TournamentSelection.h(15,65): warning C4267:         with
C:\Users\Jeremi\Desktop\GroupingChallenge\GroupingChallenge\GroupingChallenge\TournamentSelection.h(15,65): warning C4267:         [
C:\Users\Jeremi\Desktop\GroupingChallenge\GroupingChallenge\GroupingChallenge\TournamentSelection.h(15,65): warning C4267:             _Ty=int
C:\Users\Jeremi\Desktop\GroupingChallenge\GroupingChallenge\GroupingChallenge\TournamentSelection.h(15,65): warning C4267:         ]
  (kompilowanie pliku źródłowego „GroupingChallenge.cpp”)
  
C:\Users\Jeremi\Desktop\GroupingChallenge\GroupingChallenge\GroupingChallenge\ElitismSurvival.h(15,59): warning C4267: "argument": konwersja z "size_t" do "_Ty", możliwa utrata danych
C:\Users\Jeremi\Desktop\GroupingChallenge\GroupingChallenge\GroupingChallenge\ElitismSurvival.h(15,59): warning C4267:         with
C:\Users\Jeremi\Desktop\GroupingChallenge\GroupingChallenge\GroupingChallenge\ElitismSurvival.h(15,59): warning C4267:         [
C:\Users\Jeremi\Desktop\GroupingChallenge\GroupingChallenge\GroupingChallenge\ElitismSurvival.h(15,59): warning C4267:             _Ty=int
C:\Users\Jeremi\Desktop\GroupingChallenge\GroupingChallenge\GroupingChallenge\ElitismSurvival.h(15,59): warning C4267:         ]
  (kompilowanie pliku źródłowego „GroupingChallenge.cpp”)
  
C:\Users\Jeremi\Desktop\GroupingChallenge\GroupingChallenge\GroupingChallenge\ElitismSurvival.h(22,18): warning C4244: "inicjowanie": konwersja z "double" do "int", możliwa utrata danych
  (kompilowanie pliku źródłowego „GroupingChallenge.cpp”)
  
  Optimizer.cpp
C:\Users\Jeremi\Desktop\GroupingChallenge\GroupingChallenge\GroupingChallenge\PopulationPool.h(58,26): warning C4267: "return": konwersja z "size_t" do "int", możliwa utrata danych
  (kompilowanie pliku źródłowego „Optimizer.cpp”)
  
C:\Users\Jeremi\Desktop\GroupingChallenge\GroupingChallenge\GroupingChallenge\TournamentSelection.h(15,65): warning C4267: "argument": konwersja z "size_t" do "_Ty", możliwa utrata danych
C:\Users\Jeremi\Desktop\GroupingChallenge\GroupingChallenge\GroupingChallenge\TournamentSelection.h(15,65): warning C4267:         with
C:\Users\Jeremi\Desktop\GroupingChallenge\GroupingChallenge\GroupingChallenge\TournamentSelection.h(15,65): warning C4267:         [
C:\Users\Jeremi\Desktop\GroupingChallenge\GroupingChallenge\GroupingChallenge\TournamentSelection.h(15,65): warning C4267:             _Ty=int
C:\Users\Jeremi\Desktop\GroupingChallenge\GroupingChallenge\GroupingChallenge\TournamentSelection.h(15,65): warning C4267:         ]
  (kompilowanie pliku źródłowego „Optimizer.cpp”)
  
C:\Users\Jeremi\Desktop\GroupingChallenge\GroupingChallenge\GroupingChallenge\ElitismSurvival.h(15,59): warning C4267: "argument": konwersja z "size_t" do "_Ty", możliwa utrata danych
C:\Users\Jeremi\Desktop\GroupingChallenge\GroupingChallenge\GroupingChallenge\ElitismSurvival.h(15,59): warning C4267:         with
C:\Users\Jeremi\Desktop\GroupingChallenge\GroupingChallenge\GroupingChallenge\ElitismSurvival.h(15,59): warning C4267:         [
C:\Users\Jeremi\Desktop\GroupingChallenge\GroupingChallenge\GroupingChallenge\ElitismSurvival.h(15,59): warning C4267:             _Ty=int
C:\Users\Jeremi\Desktop\GroupingChallenge\GroupingChallenge\GroupingChallenge\ElitismSurvival.h(15,59): warning C4267:         ]
  (kompilowanie pliku źródłowego „Optimizer.cpp”)
  
C:\Users\Jeremi\Desktop\GroupingChallenge\GroupingChallenge\GroupingChallenge\ElitismSurvival.h(22,18): warning C4244: "inicjowanie": konwersja z "double" do "int", możliwa utrata danych
  (kompilowanie pliku źródłowego „Optimizer.cpp”)
  
C:\Users\Jeremi\Desktop\GroupingChallenge\GroupingChallenge\GroupingChallenge\Optimizer.cpp(30,25): warning C4244: "=": konwersja z "double" do "int", możliwa utrata danych
C:\Users\Jeremi\Desktop\GroupingChallenge\GroupingChallenge\GroupingChallenge\Optimizer.cpp(31,24): warning C4244: "=": konwersja z "double" do "int", możliwa utrata danych
  RandomResettingMutation.h
  SurvivalStrategy.h
  Generowanie kodu...
  GroupingChallenge.vcxproj -> C:\Users\Jeremi\Desktop\GroupingChallenge\GroupingChallenge\x64\Debug\GroupingChallenge.exe
